-------------------------------------------------------------------------------
Test set: TestSuite
-------------------------------------------------------------------------------
Tests run: 1, Failures: 1, Errors: 0, Skipped: 0, Time elapsed: 26.56 s <<< FAILURE! - in TestSuite
test(com.qa.test.testcases.TicketBookingTest)  Time elapsed: 20.383 s  <<< FAILURE!
java.lang.Exception: Element not visible in the page with locator: //div[contains(text(),'Our seat sections')] Type used:XPATH
	at com.qa.test.testcases.TicketBookingTest.test(TicketBookingTest.java:34)

